juin 10, 2022 3:19:47 PM fr.eni.gestion_parking.ihm.Controller initialize
INFOS: Controller --> initialize
juin 10, 2022 3:19:48 PM fr.eni.gestion_parking.ihm.Controller reloadTableVoiture
INFOS: Controller --> reloadTableVoiture
juin 10, 2022 3:19:48 PM fr.eni.gestion_parking.bll.VoitureManager getListVoiture
INFOS: VoitureManager --> getListVoiture
juin 10, 2022 3:19:48 PM fr.eni.gestion_parking.dal.jdbc.VoitureDAOJdbcImpl selectAll
INFOS: VoitureDAOJdbcImpl --> selectAll
juin 10, 2022 3:19:48 PM fr.eni.gestion_parking.dal.jdbc.VoitureDAOJdbcImpl itemBuilder
INFOS: VoitureDAOJdbcImpl --> itemBuilder
juin 10, 2022 3:19:48 PM fr.eni.gestion_parking.dal.jdbc.PersonneDAOJdbcImpl selectById
INFOS: PersonneDAOJdbcImpl --> selectById
juin 10, 2022 3:19:48 PM fr.eni.gestion_parking.dal.jdbc.PersonneDAOJdbcImpl itemBuilder
INFOS: PersonneDAOJdbcImpl --> itemBuilder
juin 10, 2022 3:19:48 PM fr.eni.gestion_parking.dal.jdbc.VoitureDAOJdbcImpl itemBuilder
INFOS: VoitureDAOJdbcImpl --> itemBuilder
juin 10, 2022 3:19:48 PM fr.eni.gestion_parking.dal.jdbc.PersonneDAOJdbcImpl selectById
INFOS: PersonneDAOJdbcImpl --> selectById
juin 10, 2022 3:19:48 PM fr.eni.gestion_parking.dal.jdbc.VoitureDAOJdbcImpl itemBuilder
INFOS: VoitureDAOJdbcImpl --> itemBuilder
juin 10, 2022 3:19:48 PM fr.eni.gestion_parking.dal.jdbc.PersonneDAOJdbcImpl selectById
INFOS: PersonneDAOJdbcImpl --> selectById
juin 10, 2022 3:19:48 PM fr.eni.gestion_parking.dal.jdbc.PersonneDAOJdbcImpl itemBuilder
INFOS: PersonneDAOJdbcImpl --> itemBuilder
juin 10, 2022 3:19:48 PM fr.eni.gestion_parking.dal.jdbc.VoitureDAOJdbcImpl itemBuilder
INFOS: VoitureDAOJdbcImpl --> itemBuilder
juin 10, 2022 3:19:48 PM fr.eni.gestion_parking.dal.jdbc.PersonneDAOJdbcImpl selectById
INFOS: PersonneDAOJdbcImpl --> selectById
juin 10, 2022 3:19:48 PM fr.eni.gestion_parking.dal.jdbc.PersonneDAOJdbcImpl itemBuilder
INFOS: PersonneDAOJdbcImpl --> itemBuilder
juin 10, 2022 3:19:48 PM fr.eni.gestion_parking.dal.jdbc.VoitureDAOJdbcImpl itemBuilder
INFOS: VoitureDAOJdbcImpl --> itemBuilder
juin 10, 2022 3:19:48 PM fr.eni.gestion_parking.dal.jdbc.PersonneDAOJdbcImpl selectById
INFOS: PersonneDAOJdbcImpl --> selectById
juin 10, 2022 3:19:48 PM fr.eni.gestion_parking.dal.jdbc.PersonneDAOJdbcImpl itemBuilder
INFOS: PersonneDAOJdbcImpl --> itemBuilder
juin 10, 2022 3:19:48 PM fr.eni.gestion_parking.ihm.Controller reloadTablePersonne
INFOS: Controller --> reloadTablePersonne
juin 10, 2022 3:19:48 PM fr.eni.gestion_parking.bll.PersonneManager getListPersonne
INFOS: PersonneManager --> selectAll
juin 10, 2022 3:19:48 PM fr.eni.gestion_parking.dal.jdbc.PersonneDAOJdbcImpl selectAll
INFOS: PersonneDAOJdbcImpl --> selectAll
juin 10, 2022 3:19:48 PM fr.eni.gestion_parking.dal.jdbc.PersonneDAOJdbcImpl customSelectAll
INFOS: PersonneDAOJdbcImpl --> customSelectAll
juin 10, 2022 3:19:48 PM fr.eni.gestion_parking.dal.jdbc.PersonneDAOJdbcImpl itemBuilder
INFOS: PersonneDAOJdbcImpl --> itemBuilder
juin 10, 2022 3:19:48 PM fr.eni.gestion_parking.dal.jdbc.PersonneDAOJdbcImpl itemBuilder
INFOS: PersonneDAOJdbcImpl --> itemBuilder
juin 10, 2022 3:19:48 PM fr.eni.gestion_parking.dal.jdbc.PersonneDAOJdbcImpl itemBuilder
INFOS: PersonneDAOJdbcImpl --> itemBuilder
juin 10, 2022 3:19:48 PM fr.eni.gestion_parking.dal.jdbc.PersonneDAOJdbcImpl itemBuilder
INFOS: PersonneDAOJdbcImpl --> itemBuilder
juin 10, 2022 3:19:48 PM fr.eni.gestion_parking.dal.jdbc.PersonneDAOJdbcImpl itemBuilder
INFOS: PersonneDAOJdbcImpl --> itemBuilder
juin 10, 2022 3:19:48 PM fr.eni.gestion_parking.bll.PersonneManager getListPersonne
INFOS: PersonneManager --> selectAll
juin 10, 2022 3:19:48 PM fr.eni.gestion_parking.dal.jdbc.PersonneDAOJdbcImpl selectAll
INFOS: PersonneDAOJdbcImpl --> selectAll
juin 10, 2022 3:19:48 PM fr.eni.gestion_parking.dal.jdbc.PersonneDAOJdbcImpl customSelectAll
INFOS: PersonneDAOJdbcImpl --> customSelectAll
juin 10, 2022 3:19:48 PM fr.eni.gestion_parking.dal.jdbc.PersonneDAOJdbcImpl itemBuilder
INFOS: PersonneDAOJdbcImpl --> itemBuilder
juin 10, 2022 3:19:48 PM fr.eni.gestion_parking.dal.jdbc.PersonneDAOJdbcImpl itemBuilder
INFOS: PersonneDAOJdbcImpl --> itemBuilder
juin 10, 2022 3:19:48 PM fr.eni.gestion_parking.dal.jdbc.PersonneDAOJdbcImpl itemBuilder
INFOS: PersonneDAOJdbcImpl --> itemBuilder
juin 10, 2022 3:19:48 PM fr.eni.gestion_parking.dal.jdbc.PersonneDAOJdbcImpl itemBuilder
INFOS: PersonneDAOJdbcImpl --> itemBuilder
juin 10, 2022 3:19:48 PM fr.eni.gestion_parking.dal.jdbc.PersonneDAOJdbcImpl itemBuilder
INFOS: PersonneDAOJdbcImpl --> itemBuilder
juin 10, 2022 3:19:57 PM fr.eni.gestion_parking.ihm.Controller removeError
INFOS: Controller --> removeError
juin 10, 2022 3:20:00 PM fr.eni.gestion_parking.ihm.Controller addNewPersonne
INFOS: Controller --> addNewPersonne
juin 10, 2022 3:20:00 PM fr.eni.gestion_parking.ihm.Controller removeError
INFOS: Controller --> removeError
juin 10, 2022 3:20:00 PM fr.eni.gestion_parking.bll.PersonneManager addPersonne
INFOS: PersonneManager --> addPersonne
juin 10, 2022 3:20:00 PM fr.eni.gestion_parking.bll.PersonneManager validerPersonne
INFOS: PersonneManager --> validerPersonne
juin 10, 2022 3:20:00 PM fr.eni.gestion_parking.dal.jdbc.PersonneDAOJdbcImpl insert
INFOS: PersonneDAOJdbcImpl --> insert
juin 10, 2022 3:20:00 PM fr.eni.gestion_parking.ihm.Controller reloadTablePersonne
INFOS: Controller --> reloadTablePersonne
juin 10, 2022 3:20:00 PM fr.eni.gestion_parking.bll.PersonneManager getListPersonne
INFOS: PersonneManager --> selectAll
juin 10, 2022 3:20:00 PM fr.eni.gestion_parking.dal.jdbc.PersonneDAOJdbcImpl selectAll
INFOS: PersonneDAOJdbcImpl --> selectAll
juin 10, 2022 3:20:00 PM fr.eni.gestion_parking.dal.jdbc.PersonneDAOJdbcImpl customSelectAll
INFOS: PersonneDAOJdbcImpl --> customSelectAll
juin 10, 2022 3:20:00 PM fr.eni.gestion_parking.dal.jdbc.PersonneDAOJdbcImpl itemBuilder
INFOS: PersonneDAOJdbcImpl --> itemBuilder
juin 10, 2022 3:20:00 PM fr.eni.gestion_parking.dal.jdbc.PersonneDAOJdbcImpl itemBuilder
INFOS: PersonneDAOJdbcImpl --> itemBuilder
juin 10, 2022 3:20:00 PM fr.eni.gestion_parking.dal.jdbc.PersonneDAOJdbcImpl itemBuilder
INFOS: PersonneDAOJdbcImpl --> itemBuilder
juin 10, 2022 3:20:00 PM fr.eni.gestion_parking.dal.jdbc.PersonneDAOJdbcImpl itemBuilder
INFOS: PersonneDAOJdbcImpl --> itemBuilder
juin 10, 2022 3:20:00 PM fr.eni.gestion_parking.dal.jdbc.PersonneDAOJdbcImpl itemBuilder
INFOS: PersonneDAOJdbcImpl --> itemBuilder
juin 10, 2022 3:20:00 PM fr.eni.gestion_parking.dal.jdbc.PersonneDAOJdbcImpl itemBuilder
INFOS: PersonneDAOJdbcImpl --> itemBuilder
juin 10, 2022 3:20:00 PM fr.eni.gestion_parking.ihm.Controller removeError
INFOS: Controller --> removeError
juin 10, 2022 3:20:00 PM fr.eni.gestion_parking.bll.PersonneManager getListPersonne
INFOS: PersonneManager --> selectAll
juin 10, 2022 3:20:00 PM fr.eni.gestion_parking.dal.jdbc.PersonneDAOJdbcImpl selectAll
INFOS: PersonneDAOJdbcImpl --> selectAll
juin 10, 2022 3:20:00 PM fr.eni.gestion_parking.dal.jdbc.PersonneDAOJdbcImpl customSelectAll
INFOS: PersonneDAOJdbcImpl --> customSelectAll
juin 10, 2022 3:20:00 PM fr.eni.gestion_parking.dal.jdbc.PersonneDAOJdbcImpl itemBuilder
INFOS: PersonneDAOJdbcImpl --> itemBuilder
juin 10, 2022 3:20:00 PM fr.eni.gestion_parking.dal.jdbc.PersonneDAOJdbcImpl itemBuilder
INFOS: PersonneDAOJdbcImpl --> itemBuilder
juin 10, 2022 3:20:00 PM fr.eni.gestion_parking.dal.jdbc.PersonneDAOJdbcImpl itemBuilder
INFOS: PersonneDAOJdbcImpl --> itemBuilder
juin 10, 2022 3:20:00 PM fr.eni.gestion_parking.dal.jdbc.PersonneDAOJdbcImpl itemBuilder
INFOS: PersonneDAOJdbcImpl --> itemBuilder
juin 10, 2022 3:20:00 PM fr.eni.gestion_parking.dal.jdbc.PersonneDAOJdbcImpl itemBuilder
INFOS: PersonneDAOJdbcImpl --> itemBuilder
juin 10, 2022 3:20:00 PM fr.eni.gestion_parking.dal.jdbc.PersonneDAOJdbcImpl itemBuilder
INFOS: PersonneDAOJdbcImpl --> itemBuilder
juin 10, 2022 3:20:02 PM fr.eni.gestion_parking.ihm.Controller removeError
INFOS: Controller --> removeError
juin 10, 2022 3:20:03 PM fr.eni.gestion_parking.ihm.Controller editPersonne
INFOS: Controller --> editPersonne
juin 10, 2022 3:20:03 PM fr.eni.gestion_parking.ihm.Controller removeError
INFOS: Controller --> removeError
juin 10, 2022 3:20:03 PM fr.eni.gestion_parking.bll.PersonneManager updatePersonne
INFOS: PersonneManager --> updatePersonne
juin 10, 2022 3:20:03 PM fr.eni.gestion_parking.bll.PersonneManager validerPersonne
INFOS: PersonneManager --> validerPersonne
juin 10, 2022 3:20:03 PM fr.eni.gestion_parking.dal.jdbc.PersonneDAOJdbcImpl update
INFOS: PersonneDAOJdbcImpl --> update
juin 10, 2022 3:20:03 PM fr.eni.gestion_parking.ihm.Controller reloadTablePersonne
INFOS: Controller --> reloadTablePersonne
juin 10, 2022 3:20:03 PM fr.eni.gestion_parking.bll.PersonneManager getListPersonne
INFOS: PersonneManager --> selectAll
juin 10, 2022 3:20:03 PM fr.eni.gestion_parking.dal.jdbc.PersonneDAOJdbcImpl selectAll
INFOS: PersonneDAOJdbcImpl --> selectAll
juin 10, 2022 3:20:03 PM fr.eni.gestion_parking.dal.jdbc.PersonneDAOJdbcImpl customSelectAll
INFOS: PersonneDAOJdbcImpl --> customSelectAll
juin 10, 2022 3:20:03 PM fr.eni.gestion_parking.dal.jdbc.PersonneDAOJdbcImpl itemBuilder
INFOS: PersonneDAOJdbcImpl --> itemBuilder
juin 10, 2022 3:20:03 PM fr.eni.gestion_parking.dal.jdbc.PersonneDAOJdbcImpl itemBuilder
INFOS: PersonneDAOJdbcImpl --> itemBuilder
juin 10, 2022 3:20:03 PM fr.eni.gestion_parking.dal.jdbc.PersonneDAOJdbcImpl itemBuilder
INFOS: PersonneDAOJdbcImpl --> itemBuilder
juin 10, 2022 3:20:03 PM fr.eni.gestion_parking.dal.jdbc.PersonneDAOJdbcImpl itemBuilder
INFOS: PersonneDAOJdbcImpl --> itemBuilder
juin 10, 2022 3:20:03 PM fr.eni.gestion_parking.dal.jdbc.PersonneDAOJdbcImpl itemBuilder
INFOS: PersonneDAOJdbcImpl --> itemBuilder
juin 10, 2022 3:20:03 PM fr.eni.gestion_parking.dal.jdbc.PersonneDAOJdbcImpl itemBuilder
INFOS: PersonneDAOJdbcImpl --> itemBuilder
juin 10, 2022 3:20:03 PM fr.eni.gestion_parking.ihm.Controller removeError
INFOS: Controller --> removeError
juin 10, 2022 3:20:03 PM fr.eni.gestion_parking.bll.PersonneManager getListPersonne
INFOS: PersonneManager --> selectAll
juin 10, 2022 3:20:03 PM fr.eni.gestion_parking.dal.jdbc.PersonneDAOJdbcImpl selectAll
INFOS: PersonneDAOJdbcImpl --> selectAll
juin 10, 2022 3:20:03 PM fr.eni.gestion_parking.dal.jdbc.PersonneDAOJdbcImpl customSelectAll
INFOS: PersonneDAOJdbcImpl --> customSelectAll
juin 10, 2022 3:20:03 PM fr.eni.gestion_parking.dal.jdbc.PersonneDAOJdbcImpl itemBuilder
INFOS: PersonneDAOJdbcImpl --> itemBuilder
juin 10, 2022 3:20:03 PM fr.eni.gestion_parking.dal.jdbc.PersonneDAOJdbcImpl itemBuilder
INFOS: PersonneDAOJdbcImpl --> itemBuilder
juin 10, 2022 3:20:03 PM fr.eni.gestion_parking.dal.jdbc.PersonneDAOJdbcImpl itemBuilder
INFOS: PersonneDAOJdbcImpl --> itemBuilder
juin 10, 2022 3:20:03 PM fr.eni.gestion_parking.dal.jdbc.PersonneDAOJdbcImpl itemBuilder
INFOS: PersonneDAOJdbcImpl --> itemBuilder
juin 10, 2022 3:20:03 PM fr.eni.gestion_parking.dal.jdbc.PersonneDAOJdbcImpl itemBuilder
INFOS: PersonneDAOJdbcImpl --> itemBuilder
juin 10, 2022 3:20:03 PM fr.eni.gestion_parking.dal.jdbc.PersonneDAOJdbcImpl itemBuilder
INFOS: PersonneDAOJdbcImpl --> itemBuilder
juin 10, 2022 3:20:05 PM fr.eni.gestion_parking.ihm.Controller removeError
INFOS: Controller --> removeError
juin 10, 2022 3:20:06 PM fr.eni.gestion_parking.ihm.Controller deletePersonne
INFOS: Controller --> deletePersonne
juin 10, 2022 3:20:06 PM fr.eni.gestion_parking.ihm.Controller removeError
INFOS: Controller --> removeError
juin 10, 2022 3:20:06 PM fr.eni.gestion_parking.bll.PersonneManager deletePersonnse
INFOS: PersonneManager --> deletePersonnse
juin 10, 2022 3:20:06 PM fr.eni.gestion_parking.bll.PersonneManager validerPersonne
INFOS: PersonneManager --> validerPersonne
juin 10, 2022 3:20:06 PM fr.eni.gestion_parking.dal.jdbc.VoitureDAOJdbcImpl selectAll
INFOS: VoitureDAOJdbcImpl --> selectAll
juin 10, 2022 3:20:06 PM fr.eni.gestion_parking.dal.jdbc.VoitureDAOJdbcImpl itemBuilder
INFOS: VoitureDAOJdbcImpl --> itemBuilder
juin 10, 2022 3:20:06 PM fr.eni.gestion_parking.dal.jdbc.PersonneDAOJdbcImpl selectById
INFOS: PersonneDAOJdbcImpl --> selectById
juin 10, 2022 3:20:06 PM fr.eni.gestion_parking.dal.jdbc.PersonneDAOJdbcImpl itemBuilder
INFOS: PersonneDAOJdbcImpl --> itemBuilder
juin 10, 2022 3:20:06 PM fr.eni.gestion_parking.dal.jdbc.VoitureDAOJdbcImpl itemBuilder
INFOS: VoitureDAOJdbcImpl --> itemBuilder
juin 10, 2022 3:20:06 PM fr.eni.gestion_parking.dal.jdbc.PersonneDAOJdbcImpl selectById
INFOS: PersonneDAOJdbcImpl --> selectById
juin 10, 2022 3:20:06 PM fr.eni.gestion_parking.dal.jdbc.VoitureDAOJdbcImpl itemBuilder
INFOS: VoitureDAOJdbcImpl --> itemBuilder
juin 10, 2022 3:20:06 PM fr.eni.gestion_parking.dal.jdbc.PersonneDAOJdbcImpl selectById
INFOS: PersonneDAOJdbcImpl --> selectById
juin 10, 2022 3:20:06 PM fr.eni.gestion_parking.dal.jdbc.PersonneDAOJdbcImpl itemBuilder
INFOS: PersonneDAOJdbcImpl --> itemBuilder
juin 10, 2022 3:20:06 PM fr.eni.gestion_parking.dal.jdbc.VoitureDAOJdbcImpl itemBuilder
INFOS: VoitureDAOJdbcImpl --> itemBuilder
juin 10, 2022 3:20:06 PM fr.eni.gestion_parking.dal.jdbc.PersonneDAOJdbcImpl selectById
INFOS: PersonneDAOJdbcImpl --> selectById
juin 10, 2022 3:20:06 PM fr.eni.gestion_parking.dal.jdbc.PersonneDAOJdbcImpl itemBuilder
INFOS: PersonneDAOJdbcImpl --> itemBuilder
juin 10, 2022 3:20:06 PM fr.eni.gestion_parking.dal.jdbc.VoitureDAOJdbcImpl itemBuilder
INFOS: VoitureDAOJdbcImpl --> itemBuilder
juin 10, 2022 3:20:06 PM fr.eni.gestion_parking.dal.jdbc.PersonneDAOJdbcImpl selectById
INFOS: PersonneDAOJdbcImpl --> selectById
juin 10, 2022 3:20:06 PM fr.eni.gestion_parking.dal.jdbc.PersonneDAOJdbcImpl itemBuilder
INFOS: PersonneDAOJdbcImpl --> itemBuilder
juin 10, 2022 3:20:06 PM fr.eni.gestion_parking.dal.jdbc.PersonneDAOJdbcImpl delete
INFOS: PersonneDAOJdbcImpl --> delete
juin 10, 2022 3:20:06 PM fr.eni.gestion_parking.ihm.Controller reloadTablePersonne
INFOS: Controller --> reloadTablePersonne
juin 10, 2022 3:20:06 PM fr.eni.gestion_parking.bll.PersonneManager getListPersonne
INFOS: PersonneManager --> selectAll
juin 10, 2022 3:20:06 PM fr.eni.gestion_parking.dal.jdbc.PersonneDAOJdbcImpl selectAll
INFOS: PersonneDAOJdbcImpl --> selectAll
juin 10, 2022 3:20:06 PM fr.eni.gestion_parking.dal.jdbc.PersonneDAOJdbcImpl customSelectAll
INFOS: PersonneDAOJdbcImpl --> customSelectAll
juin 10, 2022 3:20:06 PM fr.eni.gestion_parking.dal.jdbc.PersonneDAOJdbcImpl itemBuilder
INFOS: PersonneDAOJdbcImpl --> itemBuilder
juin 10, 2022 3:20:06 PM fr.eni.gestion_parking.dal.jdbc.PersonneDAOJdbcImpl itemBuilder
INFOS: PersonneDAOJdbcImpl --> itemBuilder
juin 10, 2022 3:20:06 PM fr.eni.gestion_parking.dal.jdbc.PersonneDAOJdbcImpl itemBuilder
INFOS: PersonneDAOJdbcImpl --> itemBuilder
juin 10, 2022 3:20:06 PM fr.eni.gestion_parking.dal.jdbc.PersonneDAOJdbcImpl itemBuilder
INFOS: PersonneDAOJdbcImpl --> itemBuilder
juin 10, 2022 3:20:06 PM fr.eni.gestion_parking.dal.jdbc.PersonneDAOJdbcImpl itemBuilder
INFOS: PersonneDAOJdbcImpl --> itemBuilder
juin 10, 2022 3:20:06 PM fr.eni.gestion_parking.ihm.Controller removeError
INFOS: Controller --> removeError
juin 10, 2022 3:20:06 PM fr.eni.gestion_parking.bll.PersonneManager getListPersonne
INFOS: PersonneManager --> selectAll
juin 10, 2022 3:20:06 PM fr.eni.gestion_parking.dal.jdbc.PersonneDAOJdbcImpl selectAll
INFOS: PersonneDAOJdbcImpl --> selectAll
juin 10, 2022 3:20:06 PM fr.eni.gestion_parking.dal.jdbc.PersonneDAOJdbcImpl customSelectAll
INFOS: PersonneDAOJdbcImpl --> customSelectAll
juin 10, 2022 3:20:06 PM fr.eni.gestion_parking.dal.jdbc.PersonneDAOJdbcImpl itemBuilder
INFOS: PersonneDAOJdbcImpl --> itemBuilder
juin 10, 2022 3:20:06 PM fr.eni.gestion_parking.dal.jdbc.PersonneDAOJdbcImpl itemBuilder
INFOS: PersonneDAOJdbcImpl --> itemBuilder
juin 10, 2022 3:20:06 PM fr.eni.gestion_parking.dal.jdbc.PersonneDAOJdbcImpl itemBuilder
INFOS: PersonneDAOJdbcImpl --> itemBuilder
juin 10, 2022 3:20:06 PM fr.eni.gestion_parking.dal.jdbc.PersonneDAOJdbcImpl itemBuilder
INFOS: PersonneDAOJdbcImpl --> itemBuilder
juin 10, 2022 3:20:06 PM fr.eni.gestion_parking.dal.jdbc.PersonneDAOJdbcImpl itemBuilder
INFOS: PersonneDAOJdbcImpl --> itemBuilder
